node.exe : npm warn 
EBADENGINE Unsupported 
engine {
At C:\Program 
Files\nodejs\npm.ps1:29 
char:3
+   & $NODE_EXE $NPM_CLI_JS 
$args
+   
~~~~~~~~~~~~~~~~~~~~~~~~~~~~~
    + CategoryInfo           
   : NotSpecified: (npm war  
  n EBADENGINE Unsupported   
  engine {:String) [], Re    
moteException
    + FullyQualifiedErrorId  
   : NativeCommandError
 
npm warn EBADENGINE   
package: 
'eslint-visitor-keys@5.0.1',
npm warn EBADENGINE   
required: { node: '^20.19.0 
|| ^22.13.0 || >=24' },
npm warn EBADENGINE   
current: { node: 'v23.11.0', 
npm: '11.3.0' }
npm warn EBADENGINE }

added 1 package, removed 29 packages, changed 3 packages, and audited 947 packages in 12s

247 packages are looking for funding
  run `npm fund` for details

8 vulnerabilities (7 moderate, 1 high)

To address all issues (including breaking changes), run:
  npm audit fix --force

Run `npm audit` for details.
